{"/home/rvp/Desktop/Full-stack-open-2020/part5/bloglist-frontend/src/App.js": {"path":"/home/rvp/Desktop/Full-stack-open-2020/part5/bloglist-frontend/src/App.js","statementMap":{"0":{"start":{"line":10,"column":12},"end":{"line":187,"column":1}},"1":{"start":{"line":12,"column":27},"end":{"line":12,"column":39}},"2":{"start":{"line":13,"column":33},"end":{"line":13,"column":45}},"3":{"start":{"line":14,"column":33},"end":{"line":14,"column":45}},"4":{"start":{"line":15,"column":25},"end":{"line":15,"column":39}},"5":{"start":{"line":18,"column":55},"end":{"line":18,"column":69}},"6":{"start":{"line":19,"column":50},"end":{"line":19,"column":67}},"7":{"start":{"line":21,"column":20},"end":{"line":21,"column":37}},"8":{"start":{"line":23,"column":19},"end":{"line":37,"column":2}},"9":{"start":{"line":25,"column":24},"end":{"line":34,"column":3}},"10":{"start":{"line":26,"column":3},"end":{"line":28,"column":4}},"11":{"start":{"line":27,"column":4},"end":{"line":27,"column":13}},"12":{"start":{"line":29,"column":3},"end":{"line":31,"column":4}},"13":{"start":{"line":30,"column":4},"end":{"line":30,"column":12}},"14":{"start":{"line":33,"column":3},"end":{"line":33,"column":11}},"15":{"start":{"line":36,"column":2},"end":{"line":36,"column":36}},"16":{"start":{"line":40,"column":1},"end":{"line":40,"column":92}},"17":{"start":{"line":40,"column":19},"end":{"line":40,"column":85}},"18":{"start":{"line":40,"column":56},"end":{"line":40,"column":82}},"19":{"start":{"line":42,"column":1},"end":{"line":51,"column":7}},"20":{"start":{"line":44,"column":25},"end":{"line":44,"column":66}},"21":{"start":{"line":45,"column":2},"end":{"line":50,"column":3}},"22":{"start":{"line":46,"column":16},"end":{"line":46,"column":42}},"23":{"start":{"line":47,"column":3},"end":{"line":47,"column":16}},"24":{"start":{"line":48,"column":3},"end":{"line":48,"column":35}},"25":{"start":{"line":54,"column":26},"end":{"line":61,"column":2}},"26":{"start":{"line":55,"column":2},"end":{"line":55,"column":28}},"27":{"start":{"line":56,"column":2},"end":{"line":56,"column":30}},"28":{"start":{"line":57,"column":2},"end":{"line":59,"column":10}},"29":{"start":{"line":58,"column":3},"end":{"line":58,"column":31}},"30":{"start":{"line":63,"column":21},"end":{"line":83,"column":2}},"31":{"start":{"line":65,"column":2},"end":{"line":65,"column":24}},"32":{"start":{"line":67,"column":2},"end":{"line":80,"column":3}},"33":{"start":{"line":68,"column":16},"end":{"line":68,"column":64}},"34":{"start":{"line":69,"column":3},"end":{"line":69,"column":66}},"35":{"start":{"line":70,"column":3},"end":{"line":70,"column":35}},"36":{"start":{"line":72,"column":3},"end":{"line":72,"column":16}},"37":{"start":{"line":73,"column":3},"end":{"line":73,"column":18}},"38":{"start":{"line":74,"column":3},"end":{"line":74,"column":18}},"39":{"start":{"line":79,"column":3},"end":{"line":79,"column":53}},"40":{"start":{"line":85,"column":20},"end":{"line":99,"column":2}},"41":{"start":{"line":87,"column":2},"end":{"line":97,"column":3}},"42":{"start":{"line":88,"column":3},"end":{"line":88,"column":40}},"43":{"start":{"line":89,"column":18},"end":{"line":89,"column":48}},"44":{"start":{"line":90,"column":3},"end":{"line":90,"column":21}},"45":{"start":{"line":91,"column":3},"end":{"line":91,"column":44}},"46":{"start":{"line":92,"column":3},"end":{"line":92,"column":99}},"47":{"start":{"line":96,"column":3},"end":{"line":96,"column":51}},"48":{"start":{"line":101,"column":16},"end":{"line":107,"column":2}},"49":{"start":{"line":103,"column":2},"end":{"line":103,"column":46}},"50":{"start":{"line":104,"column":2},"end":{"line":104,"column":15}},"51":{"start":{"line":109,"column":20},"end":{"line":123,"column":2}},"52":{"start":{"line":111,"column":2},"end":{"line":121,"column":3}},"53":{"start":{"line":113,"column":18},"end":{"line":113,"column":48}},"54":{"start":{"line":114,"column":18},"end":{"line":114,"column":61}},"55":{"start":{"line":114,"column":39},"end":{"line":114,"column":60}},"56":{"start":{"line":115,"column":3},"end":{"line":115,"column":45}},"57":{"start":{"line":116,"column":3},"end":{"line":116,"column":99}},"58":{"start":{"line":120,"column":3},"end":{"line":120,"column":54}},"59":{"start":{"line":125,"column":20},"end":{"line":143,"column":2}},"60":{"start":{"line":127,"column":2},"end":{"line":140,"column":3}},"61":{"start":{"line":129,"column":3},"end":{"line":134,"column":4}},"62":{"start":{"line":130,"column":4},"end":{"line":130,"column":38}},"63":{"start":{"line":131,"column":19},"end":{"line":131,"column":66}},"64":{"start":{"line":131,"column":43},"end":{"line":131,"column":65}},"65":{"start":{"line":132,"column":4},"end":{"line":132,"column":22}},"66":{"start":{"line":133,"column":4},"end":{"line":133,"column":91}},"67":{"start":{"line":139,"column":3},"end":{"line":139,"column":54}},"68":{"start":{"line":147,"column":1},"end":{"line":161,"column":2}},"69":{"start":{"line":148,"column":2},"end":{"line":160,"column":3}},"70":{"start":{"line":156,"column":37},"end":{"line":156,"column":62}},"71":{"start":{"line":157,"column":37},"end":{"line":157,"column":62}},"72":{"start":{"line":163,"column":1},"end":{"line":186,"column":2}},"73":{"start":{"line":181,"column":22},"end":{"line":181,"column":116}}},"fnMap":{"0":{"name":"(anonymous_0)","decl":{"start":{"line":10,"column":12},"end":{"line":10,"column":13}},"loc":{"start":{"line":10,"column":18},"end":{"line":187,"column":1}},"line":10},"1":{"name":"(anonymous_1)","decl":{"start":{"line":23,"column":19},"end":{"line":23,"column":20}},"loc":{"start":{"line":23,"column":28},"end":{"line":37,"column":2}},"line":23},"2":{"name":"(anonymous_2)","decl":{"start":{"line":25,"column":24},"end":{"line":25,"column":25}},"loc":{"start":{"line":25,"column":34},"end":{"line":34,"column":3}},"line":25},"3":{"name":"(anonymous_3)","decl":{"start":{"line":40,"column":11},"end":{"line":40,"column":12}},"loc":{"start":{"line":40,"column":17},"end":{"line":40,"column":87}},"line":40},"4":{"name":"(anonymous_4)","decl":{"start":{"line":40,"column":45},"end":{"line":40,"column":46}},"loc":{"start":{"line":40,"column":54},"end":{"line":40,"column":84}},"line":40},"5":{"name":"(anonymous_5)","decl":{"start":{"line":42,"column":11},"end":{"line":42,"column":12}},"loc":{"start":{"line":42,"column":17},"end":{"line":51,"column":2}},"line":42},"6":{"name":"(anonymous_6)","decl":{"start":{"line":54,"column":26},"end":{"line":54,"column":27}},"loc":{"start":{"line":54,"column":43},"end":{"line":61,"column":2}},"line":54},"7":{"name":"(anonymous_7)","decl":{"start":{"line":57,"column":13},"end":{"line":57,"column":14}},"loc":{"start":{"line":57,"column":19},"end":{"line":59,"column":3}},"line":57},"8":{"name":"(anonymous_8)","decl":{"start":{"line":63,"column":21},"end":{"line":63,"column":22}},"loc":{"start":{"line":63,"column":38},"end":{"line":83,"column":2}},"line":63},"9":{"name":"(anonymous_9)","decl":{"start":{"line":85,"column":20},"end":{"line":85,"column":21}},"loc":{"start":{"line":85,"column":36},"end":{"line":99,"column":2}},"line":85},"10":{"name":"(anonymous_10)","decl":{"start":{"line":101,"column":16},"end":{"line":101,"column":17}},"loc":{"start":{"line":101,"column":22},"end":{"line":107,"column":2}},"line":101},"11":{"name":"(anonymous_11)","decl":{"start":{"line":109,"column":20},"end":{"line":109,"column":21}},"loc":{"start":{"line":109,"column":36},"end":{"line":123,"column":2}},"line":109},"12":{"name":"(anonymous_12)","decl":{"start":{"line":114,"column":31},"end":{"line":114,"column":32}},"loc":{"start":{"line":114,"column":39},"end":{"line":114,"column":60}},"line":114},"13":{"name":"(anonymous_13)","decl":{"start":{"line":125,"column":20},"end":{"line":125,"column":21}},"loc":{"start":{"line":125,"column":36},"end":{"line":143,"column":2}},"line":125},"14":{"name":"(anonymous_14)","decl":{"start":{"line":131,"column":32},"end":{"line":131,"column":33}},"loc":{"start":{"line":131,"column":43},"end":{"line":131,"column":65}},"line":131},"15":{"name":"(anonymous_15)","decl":{"start":{"line":156,"column":21},"end":{"line":156,"column":22}},"loc":{"start":{"line":156,"column":37},"end":{"line":156,"column":62}},"line":156},"16":{"name":"(anonymous_16)","decl":{"start":{"line":157,"column":21},"end":{"line":157,"column":22}},"loc":{"start":{"line":157,"column":37},"end":{"line":157,"column":62}},"line":157},"17":{"name":"(anonymous_17)","decl":{"start":{"line":181,"column":14},"end":{"line":181,"column":15}},"loc":{"start":{"line":181,"column":22},"end":{"line":181,"column":116}},"line":181}},"branchMap":{"0":{"loc":{"start":{"line":26,"column":3},"end":{"line":28,"column":4}},"type":"if","locations":[{"start":{"line":26,"column":3},"end":{"line":28,"column":4}},{"start":{"line":26,"column":3},"end":{"line":28,"column":4}}],"line":26},"1":{"loc":{"start":{"line":29,"column":3},"end":{"line":31,"column":4}},"type":"if","locations":[{"start":{"line":29,"column":3},"end":{"line":31,"column":4}},{"start":{"line":29,"column":3},"end":{"line":31,"column":4}}],"line":29},"2":{"loc":{"start":{"line":45,"column":2},"end":{"line":50,"column":3}},"type":"if","locations":[{"start":{"line":45,"column":2},"end":{"line":50,"column":3}},{"start":{"line":45,"column":2},"end":{"line":50,"column":3}}],"line":45},"3":{"loc":{"start":{"line":129,"column":3},"end":{"line":134,"column":4}},"type":"if","locations":[{"start":{"line":129,"column":3},"end":{"line":134,"column":4}},{"start":{"line":129,"column":3},"end":{"line":134,"column":4}}],"line":129},"4":{"loc":{"start":{"line":147,"column":1},"end":{"line":161,"column":2}},"type":"if","locations":[{"start":{"line":147,"column":1},"end":{"line":161,"column":2}},{"start":{"line":147,"column":1},"end":{"line":161,"column":2}}],"line":147}},"s":{"0":0,"1":0,"2":0,"3":0,"4":0,"5":0,"6":0,"7":0,"8":0,"9":0,"10":0,"11":0,"12":0,"13":0,"14":0,"15":0,"16":0,"17":0,"18":0,"19":0,"20":0,"21":0,"22":0,"23":0,"24":0,"25":0,"26":0,"27":0,"28":0,"29":0,"30":0,"31":0,"32":0,"33":0,"34":0,"35":0,"36":0,"37":0,"38":0,"39":0,"40":0,"41":0,"42":0,"43":0,"44":0,"45":0,"46":0,"47":0,"48":0,"49":0,"50":0,"51":0,"52":0,"53":0,"54":0,"55":0,"56":0,"57":0,"58":0,"59":0,"60":0,"61":0,"62":0,"63":0,"64":0,"65":0,"66":0,"67":0,"68":0,"69":0,"70":0,"71":0,"72":0,"73":0},"f":{"0":0,"1":0,"2":0,"3":0,"4":0,"5":0,"6":0,"7":0,"8":0,"9":0,"10":0,"11":0,"12":0,"13":0,"14":0,"15":0,"16":0,"17":0},"b":{"0":[0,0],"1":[0,0],"2":[0,0],"3":[0,0],"4":[0,0]},"hash":"b7cbc57c20f8c8110c1cb42b1a0047a1dfe2cfd3"}
,"/home/rvp/Desktop/Full-stack-open-2020/part5/bloglist-frontend/src/index.js": {"path":"/home/rvp/Desktop/Full-stack-open-2020/part5/bloglist-frontend/src/index.js","statementMap":{"0":{"start":{"line":7,"column":0},"end":{"line":7,"column":57}}},"fnMap":{},"branchMap":{},"s":{"0":0},"f":{},"b":{},"hash":"a9de34bf4cc54cb1c5158db9b9cec6127eafc2bb"}
,"/home/rvp/Desktop/Full-stack-open-2020/part5/bloglist-frontend/src/components/AddForm.js": {"path":"/home/rvp/Desktop/Full-stack-open-2020/part5/bloglist-frontend/src/components/AddForm.js","statementMap":{"0":{"start":{"line":3,"column":16},"end":{"line":65,"column":1}},"1":{"start":{"line":5,"column":27},"end":{"line":5,"column":39}},"2":{"start":{"line":6,"column":29},"end":{"line":6,"column":41}},"3":{"start":{"line":7,"column":23},"end":{"line":7,"column":35}},"4":{"start":{"line":9,"column":17},"end":{"line":24,"column":2}},"5":{"start":{"line":10,"column":2},"end":{"line":10,"column":24}},"6":{"start":{"line":11,"column":18},"end":{"line":15,"column":3}},"7":{"start":{"line":18,"column":2},"end":{"line":18,"column":21}},"8":{"start":{"line":20,"column":2},"end":{"line":20,"column":14}},"9":{"start":{"line":21,"column":2},"end":{"line":21,"column":15}},"10":{"start":{"line":22,"column":2},"end":{"line":22,"column":12}},"11":{"start":{"line":27,"column":1},"end":{"line":64,"column":2}},"12":{"start":{"line":36,"column":31},"end":{"line":36,"column":53}},"13":{"start":{"line":46,"column":31},"end":{"line":46,"column":54}},"14":{"start":{"line":56,"column":31},"end":{"line":56,"column":51}}},"fnMap":{"0":{"name":"(anonymous_0)","decl":{"start":{"line":3,"column":16},"end":{"line":3,"column":17}},"loc":{"start":{"line":3,"column":36},"end":{"line":65,"column":1}},"line":3},"1":{"name":"(anonymous_1)","decl":{"start":{"line":9,"column":17},"end":{"line":9,"column":18}},"loc":{"start":{"line":9,"column":34},"end":{"line":24,"column":2}},"line":9},"2":{"name":"(anonymous_2)","decl":{"start":{"line":36,"column":15},"end":{"line":36,"column":16}},"loc":{"start":{"line":36,"column":31},"end":{"line":36,"column":53}},"line":36},"3":{"name":"(anonymous_3)","decl":{"start":{"line":46,"column":15},"end":{"line":46,"column":16}},"loc":{"start":{"line":46,"column":31},"end":{"line":46,"column":54}},"line":46},"4":{"name":"(anonymous_4)","decl":{"start":{"line":56,"column":15},"end":{"line":56,"column":16}},"loc":{"start":{"line":56,"column":31},"end":{"line":56,"column":51}},"line":56}},"branchMap":{},"s":{"0":1,"1":5,"2":5,"3":5,"4":5,"5":1,"6":1,"7":1,"8":1,"9":1,"10":1,"11":5,"12":1,"13":1,"14":1},"f":{"0":5,"1":1,"2":1,"3":1,"4":1},"b":{},"_coverageSchema":"43e27e138ebf9cfc5966b082cf9a028302ed4184","hash":"7b11390a67cb8b856f86521c33ac54d1287e70b4"}
,"/home/rvp/Desktop/Full-stack-open-2020/part5/bloglist-frontend/src/components/Blog.js": {"path":"/home/rvp/Desktop/Full-stack-open-2020/part5/bloglist-frontend/src/components/Blog.js","statementMap":{"0":{"start":{"line":6,"column":13},"end":{"line":69,"column":1}},"1":{"start":{"line":9,"column":19},"end":{"line":15,"column":2}},"2":{"start":{"line":18,"column":31},"end":{"line":18,"column":46}},"3":{"start":{"line":19,"column":37},"end":{"line":19,"column":53}},"4":{"start":{"line":22,"column":23},"end":{"line":32,"column":2}},"5":{"start":{"line":23,"column":2},"end":{"line":31,"column":3}},"6":{"start":{"line":24,"column":3},"end":{"line":24,"column":20}},"7":{"start":{"line":25,"column":3},"end":{"line":25,"column":24}},"8":{"start":{"line":28,"column":7},"end":{"line":31,"column":3}},"9":{"start":{"line":29,"column":3},"end":{"line":29,"column":19}},"10":{"start":{"line":30,"column":3},"end":{"line":30,"column":24}},"11":{"start":{"line":34,"column":25},"end":{"line":34,"column":59}},"12":{"start":{"line":35,"column":20},"end":{"line":35,"column":83}},"13":{"start":{"line":38,"column":18},"end":{"line":44,"column":2}},"14":{"start":{"line":39,"column":2},"end":{"line":39,"column":24}},"15":{"start":{"line":40,"column":18},"end":{"line":40,"column":22}},"16":{"start":{"line":41,"column":2},"end":{"line":41,"column":17}},"17":{"start":{"line":42,"column":2},"end":{"line":42,"column":21}},"18":{"start":{"line":46,"column":19},"end":{"line":50,"column":2}},"19":{"start":{"line":47,"column":2},"end":{"line":47,"column":24}},"20":{"start":{"line":48,"column":2},"end":{"line":48,"column":18}},"21":{"start":{"line":52,"column":1},"end":{"line":68,"column":2}},"22":{"start":{"line":71,"column":0},"end":{"line":77,"column":1}}},"fnMap":{"0":{"name":"(anonymous_0)","decl":{"start":{"line":6,"column":13},"end":{"line":6,"column":14}},"loc":{"start":{"line":6,"column":57},"end":{"line":69,"column":1}},"line":6},"1":{"name":"(anonymous_1)","decl":{"start":{"line":22,"column":23},"end":{"line":22,"column":24}},"loc":{"start":{"line":22,"column":29},"end":{"line":32,"column":2}},"line":22},"2":{"name":"(anonymous_2)","decl":{"start":{"line":38,"column":18},"end":{"line":38,"column":19}},"loc":{"start":{"line":38,"column":35},"end":{"line":44,"column":2}},"line":38},"3":{"name":"(anonymous_3)","decl":{"start":{"line":46,"column":19},"end":{"line":46,"column":20}},"loc":{"start":{"line":46,"column":36},"end":{"line":50,"column":2}},"line":46}},"branchMap":{"0":{"loc":{"start":{"line":23,"column":2},"end":{"line":31,"column":3}},"type":"if","locations":[{"start":{"line":23,"column":2},"end":{"line":31,"column":3}},{"start":{"line":23,"column":2},"end":{"line":31,"column":3}}],"line":23},"1":{"loc":{"start":{"line":28,"column":7},"end":{"line":31,"column":3}},"type":"if","locations":[{"start":{"line":28,"column":7},"end":{"line":31,"column":3}},{"start":{"line":28,"column":7},"end":{"line":31,"column":3}}],"line":28},"2":{"loc":{"start":{"line":34,"column":36},"end":{"line":34,"column":57}},"type":"cond-expr","locations":[{"start":{"line":34,"column":46},"end":{"line":34,"column":48}},{"start":{"line":34,"column":51},"end":{"line":34,"column":57}}],"line":34},"3":{"loc":{"start":{"line":35,"column":31},"end":{"line":35,"column":81}},"type":"cond-expr","locations":[{"start":{"line":35,"column":70},"end":{"line":35,"column":72}},{"start":{"line":35,"column":75},"end":{"line":35,"column":81}}],"line":35}},"s":{"0":1,"1":4,"2":4,"3":4,"4":4,"5":1,"6":0,"7":0,"8":1,"9":1,"10":1,"11":4,"12":4,"13":4,"14":2,"15":2,"16":2,"17":2,"18":4,"19":0,"20":0,"21":4,"22":1},"f":{"0":4,"1":1,"2":2,"3":0},"b":{"0":[0,1],"1":[1,0],"2":[1,3],"3":[4,0]},"_coverageSchema":"43e27e138ebf9cfc5966b082cf9a028302ed4184","hash":"e5fc19f597658d06311119a09c324b0ba6ca3714"}
,"/home/rvp/Desktop/Full-stack-open-2020/part5/bloglist-frontend/src/components/LoginForm.js": {"path":"/home/rvp/Desktop/Full-stack-open-2020/part5/bloglist-frontend/src/components/LoginForm.js","statementMap":{"0":{"start":{"line":3,"column":18},"end":{"line":34,"column":1}},"1":{"start":{"line":11,"column":1},"end":{"line":33,"column":2}}},"fnMap":{"0":{"name":"(anonymous_0)","decl":{"start":{"line":3,"column":18},"end":{"line":3,"column":19}},"loc":{"start":{"line":9,"column":6},"end":{"line":34,"column":1}},"line":9}},"branchMap":{},"s":{"0":0,"1":0},"f":{"0":0},"b":{},"hash":"ac9397ef5dbb82a5d579135042422415ccfeeb85"}
,"/home/rvp/Desktop/Full-stack-open-2020/part5/bloglist-frontend/src/components/Notification.js": {"path":"/home/rvp/Desktop/Full-stack-open-2020/part5/bloglist-frontend/src/components/Notification.js","statementMap":{"0":{"start":{"line":3,"column":21},"end":{"line":14,"column":1}},"1":{"start":{"line":5,"column":1},"end":{"line":7,"column":2}},"2":{"start":{"line":6,"column":2},"end":{"line":6,"column":13}},"3":{"start":{"line":9,"column":1},"end":{"line":13,"column":2}}},"fnMap":{"0":{"name":"(anonymous_0)","decl":{"start":{"line":3,"column":21},"end":{"line":3,"column":22}},"loc":{"start":{"line":3,"column":46},"end":{"line":14,"column":1}},"line":3}},"branchMap":{"0":{"loc":{"start":{"line":5,"column":1},"end":{"line":7,"column":2}},"type":"if","locations":[{"start":{"line":5,"column":1},"end":{"line":7,"column":2}},{"start":{"line":5,"column":1},"end":{"line":7,"column":2}}],"line":5}},"s":{"0":0,"1":0,"2":0,"3":0},"f":{"0":0},"b":{"0":[0,0]},"hash":"e87952e6adfeaf66e41ba5baa4eced3f8ae88301"}
,"/home/rvp/Desktop/Full-stack-open-2020/part5/bloglist-frontend/src/components/Togglable.js": {"path":"/home/rvp/Desktop/Full-stack-open-2020/part5/bloglist-frontend/src/components/Togglable.js","statementMap":{"0":{"start":{"line":3,"column":18},"end":{"line":31,"column":2}},"1":{"start":{"line":5,"column":31},"end":{"line":5,"column":46}},"2":{"start":{"line":7,"column":25},"end":{"line":7,"column":59}},"3":{"start":{"line":8,"column":25},"end":{"line":8,"column":59}},"4":{"start":{"line":10,"column":26},"end":{"line":12,"column":2}},"5":{"start":{"line":11,"column":2},"end":{"line":11,"column":22}},"6":{"start":{"line":14,"column":1},"end":{"line":18,"column":3}},"7":{"start":{"line":15,"column":2},"end":{"line":17,"column":3}},"8":{"start":{"line":20,"column":1},"end":{"line":30,"column":2}},"9":{"start":{"line":33,"column":0},"end":{"line":33,"column":35}}},"fnMap":{"0":{"name":"(anonymous_0)","decl":{"start":{"line":3,"column":35},"end":{"line":3,"column":36}},"loc":{"start":{"line":3,"column":51},"end":{"line":31,"column":1}},"line":3},"1":{"name":"(anonymous_1)","decl":{"start":{"line":10,"column":26},"end":{"line":10,"column":27}},"loc":{"start":{"line":10,"column":32},"end":{"line":12,"column":2}},"line":10},"2":{"name":"(anonymous_2)","decl":{"start":{"line":14,"column":26},"end":{"line":14,"column":27}},"loc":{"start":{"line":14,"column":32},"end":{"line":18,"column":2}},"line":14}},"branchMap":{"0":{"loc":{"start":{"line":7,"column":36},"end":{"line":7,"column":57}},"type":"cond-expr","locations":[{"start":{"line":7,"column":46},"end":{"line":7,"column":52}},{"start":{"line":7,"column":55},"end":{"line":7,"column":57}}],"line":7},"1":{"loc":{"start":{"line":8,"column":36},"end":{"line":8,"column":57}},"type":"cond-expr","locations":[{"start":{"line":8,"column":46},"end":{"line":8,"column":48}},{"start":{"line":8,"column":51},"end":{"line":8,"column":57}}],"line":8}},"s":{"0":0,"1":0,"2":0,"3":0,"4":0,"5":0,"6":0,"7":0,"8":0,"9":0},"f":{"0":0,"1":0,"2":0},"b":{"0":[0,0],"1":[0,0]},"hash":"013d8b69a995bae462e60c057ef35b13e77a3e40"}
,"/home/rvp/Desktop/Full-stack-open-2020/part5/bloglist-frontend/src/services/blogs.js": {"path":"/home/rvp/Desktop/Full-stack-open-2020/part5/bloglist-frontend/src/services/blogs.js","statementMap":{"0":{"start":{"line":2,"column":16},"end":{"line":2,"column":28}},"1":{"start":{"line":4,"column":12},"end":{"line":4,"column":16}},"2":{"start":{"line":6,"column":17},"end":{"line":8,"column":1}},"3":{"start":{"line":7,"column":1},"end":{"line":7,"column":29}},"4":{"start":{"line":11,"column":15},"end":{"line":14,"column":1}},"5":{"start":{"line":12,"column":19},"end":{"line":12,"column":43}},"6":{"start":{"line":13,"column":1},"end":{"line":13,"column":21}},"7":{"start":{"line":16,"column":15},"end":{"line":23,"column":1}},"8":{"start":{"line":17,"column":16},"end":{"line":19,"column":2}},"9":{"start":{"line":21,"column":18},"end":{"line":21,"column":62}},"10":{"start":{"line":22,"column":1},"end":{"line":22,"column":21}},"11":{"start":{"line":26,"column":15},"end":{"line":30,"column":1}},"12":{"start":{"line":28,"column":18},"end":{"line":28,"column":74}},"13":{"start":{"line":29,"column":1},"end":{"line":29,"column":21}},"14":{"start":{"line":32,"column":19},"end":{"line":40,"column":1}},"15":{"start":{"line":34,"column":16},"end":{"line":34,"column":53}},"16":{"start":{"line":36,"column":18},"end":{"line":36,"column":69}},"17":{"start":{"line":37,"column":1},"end":{"line":37,"column":21}}},"fnMap":{"0":{"name":"(anonymous_0)","decl":{"start":{"line":6,"column":17},"end":{"line":6,"column":18}},"loc":{"start":{"line":6,"column":29},"end":{"line":8,"column":1}},"line":6},"1":{"name":"(anonymous_1)","decl":{"start":{"line":11,"column":15},"end":{"line":11,"column":16}},"loc":{"start":{"line":11,"column":27},"end":{"line":14,"column":1}},"line":11},"2":{"name":"(anonymous_2)","decl":{"start":{"line":16,"column":15},"end":{"line":16,"column":16}},"loc":{"start":{"line":16,"column":34},"end":{"line":23,"column":1}},"line":16},"3":{"name":"(anonymous_3)","decl":{"start":{"line":26,"column":15},"end":{"line":26,"column":16}},"loc":{"start":{"line":27,"column":0},"end":{"line":30,"column":1}},"line":27},"4":{"name":"(anonymous_4)","decl":{"start":{"line":32,"column":19},"end":{"line":32,"column":20}},"loc":{"start":{"line":33,"column":0},"end":{"line":40,"column":1}},"line":33}},"branchMap":{},"s":{"0":0,"1":0,"2":0,"3":0,"4":0,"5":0,"6":0,"7":0,"8":0,"9":0,"10":0,"11":0,"12":0,"13":0,"14":0,"15":0,"16":0,"17":0},"f":{"0":0,"1":0,"2":0,"3":0,"4":0},"b":{},"hash":"5a440e90bb6fa924403f3d50a1237ea727bdd083"}
,"/home/rvp/Desktop/Full-stack-open-2020/part5/bloglist-frontend/src/services/login.js": {"path":"/home/rvp/Desktop/Full-stack-open-2020/part5/bloglist-frontend/src/services/login.js","statementMap":{"0":{"start":{"line":2,"column":16},"end":{"line":2,"column":28}},"1":{"start":{"line":4,"column":14},"end":{"line":7,"column":1}},"2":{"start":{"line":5,"column":18},"end":{"line":5,"column":56}},"3":{"start":{"line":6,"column":1},"end":{"line":6,"column":21}}},"fnMap":{"0":{"name":"(anonymous_0)","decl":{"start":{"line":4,"column":14},"end":{"line":4,"column":15}},"loc":{"start":{"line":4,"column":35},"end":{"line":7,"column":1}},"line":4}},"branchMap":{},"s":{"0":0,"1":0,"2":0,"3":0},"f":{"0":0},"b":{},"hash":"b88c588c5ccf77ac36f9339989dba79d90341cc9"}
}
