TN:
SF:/home/rvp/Desktop/Full-stack-open-2020/part5/bloglist-frontend/src/App.js
FN:10,(anonymous_0)
FN:23,(anonymous_1)
FN:25,(anonymous_2)
FN:40,(anonymous_3)
FN:40,(anonymous_4)
FN:42,(anonymous_5)
FN:54,(anonymous_6)
FN:57,(anonymous_7)
FN:63,(anonymous_8)
FN:85,(anonymous_9)
FN:101,(anonymous_10)
FN:109,(anonymous_11)
FN:114,(anonymous_12)
FN:125,(anonymous_13)
FN:131,(anonymous_14)
FN:156,(anonymous_15)
FN:157,(anonymous_16)
FN:181,(anonymous_17)
FNF:18
FNH:0
FNDA:0,(anonymous_0)
FNDA:0,(anonymous_1)
FNDA:0,(anonymous_2)
FNDA:0,(anonymous_3)
FNDA:0,(anonymous_4)
FNDA:0,(anonymous_5)
FNDA:0,(anonymous_6)
FNDA:0,(anonymous_7)
FNDA:0,(anonymous_8)
FNDA:0,(anonymous_9)
FNDA:0,(anonymous_10)
FNDA:0,(anonymous_11)
FNDA:0,(anonymous_12)
FNDA:0,(anonymous_13)
FNDA:0,(anonymous_14)
FNDA:0,(anonymous_15)
FNDA:0,(anonymous_16)
FNDA:0,(anonymous_17)
DA:10,0
DA:12,0
DA:13,0
DA:14,0
DA:15,0
DA:18,0
DA:19,0
DA:21,0
DA:23,0
DA:25,0
DA:26,0
DA:27,0
DA:29,0
DA:30,0
DA:33,0
DA:36,0
DA:40,0
DA:42,0
DA:44,0
DA:45,0
DA:46,0
DA:47,0
DA:48,0
DA:54,0
DA:55,0
DA:56,0
DA:57,0
DA:58,0
DA:63,0
DA:65,0
DA:67,0
DA:68,0
DA:69,0
DA:70,0
DA:72,0
DA:73,0
DA:74,0
DA:79,0
DA:85,0
DA:87,0
DA:88,0
DA:89,0
DA:90,0
DA:91,0
DA:92,0
DA:96,0
DA:101,0
DA:103,0
DA:104,0
DA:109,0
DA:111,0
DA:113,0
DA:114,0
DA:115,0
DA:116,0
DA:120,0
DA:125,0
DA:127,0
DA:129,0
DA:130,0
DA:131,0
DA:132,0
DA:133,0
DA:139,0
DA:147,0
DA:148,0
DA:156,0
DA:157,0
DA:163,0
DA:181,0
LF:70
LH:0
BRDA:26,0,0,0
BRDA:26,0,1,0
BRDA:29,1,0,0
BRDA:29,1,1,0
BRDA:45,2,0,0
BRDA:45,2,1,0
BRDA:129,3,0,0
BRDA:129,3,1,0
BRDA:147,4,0,0
BRDA:147,4,1,0
BRF:10
BRH:0
end_of_record
TN:
SF:/home/rvp/Desktop/Full-stack-open-2020/part5/bloglist-frontend/src/index.js
FNF:0
FNH:0
DA:7,0
LF:1
LH:0
BRF:0
BRH:0
end_of_record
TN:
SF:/home/rvp/Desktop/Full-stack-open-2020/part5/bloglist-frontend/src/components/AddForm.js
FN:3,(anonymous_0)
FN:9,(anonymous_1)
FN:36,(anonymous_2)
FN:46,(anonymous_3)
FN:56,(anonymous_4)
FNF:5
FNH:5
FNDA:5,(anonymous_0)
FNDA:1,(anonymous_1)
FNDA:1,(anonymous_2)
FNDA:1,(anonymous_3)
FNDA:1,(anonymous_4)
DA:3,1
DA:5,5
DA:6,5
DA:7,5
DA:9,5
DA:10,1
DA:11,1
DA:18,1
DA:20,1
DA:21,1
DA:22,1
DA:27,5
DA:36,1
DA:46,1
DA:56,1
LF:15
LH:15
BRF:0
BRH:0
end_of_record
TN:
SF:/home/rvp/Desktop/Full-stack-open-2020/part5/bloglist-frontend/src/components/Blog.js
FN:6,(anonymous_0)
FN:22,(anonymous_1)
FN:38,(anonymous_2)
FN:46,(anonymous_3)
FNF:4
FNH:3
FNDA:4,(anonymous_0)
FNDA:1,(anonymous_1)
FNDA:2,(anonymous_2)
FNDA:0,(anonymous_3)
DA:6,1
DA:9,4
DA:18,4
DA:19,4
DA:22,4
DA:23,1
DA:24,0
DA:25,0
DA:28,1
DA:29,1
DA:30,1
DA:34,4
DA:35,4
DA:38,4
DA:39,2
DA:40,2
DA:41,2
DA:42,2
DA:46,4
DA:47,0
DA:48,0
DA:52,4
DA:71,1
LF:23
LH:19
BRDA:23,0,0,0
BRDA:23,0,1,1
BRDA:28,1,0,1
BRDA:28,1,1,0
BRDA:34,2,0,1
BRDA:34,2,1,3
BRDA:35,3,0,4
BRDA:35,3,1,0
BRF:8
BRH:5
end_of_record
TN:
SF:/home/rvp/Desktop/Full-stack-open-2020/part5/bloglist-frontend/src/components/LoginForm.js
FN:3,(anonymous_0)
FNF:1
FNH:0
FNDA:0,(anonymous_0)
DA:3,0
DA:11,0
LF:2
LH:0
BRF:0
BRH:0
end_of_record
TN:
SF:/home/rvp/Desktop/Full-stack-open-2020/part5/bloglist-frontend/src/components/Notification.js
FN:3,(anonymous_0)
FNF:1
FNH:0
FNDA:0,(anonymous_0)
DA:3,0
DA:5,0
DA:6,0
DA:9,0
LF:4
LH:0
BRDA:5,0,0,0
BRDA:5,0,1,0
BRF:2
BRH:0
end_of_record
TN:
SF:/home/rvp/Desktop/Full-stack-open-2020/part5/bloglist-frontend/src/components/Togglable.js
FN:3,(anonymous_0)
FN:10,(anonymous_1)
FN:14,(anonymous_2)
FNF:3
FNH:0
FNDA:0,(anonymous_0)
FNDA:0,(anonymous_1)
FNDA:0,(anonymous_2)
DA:3,0
DA:5,0
DA:7,0
DA:8,0
DA:10,0
DA:11,0
DA:14,0
DA:15,0
DA:20,0
DA:33,0
LF:10
LH:0
BRDA:7,0,0,0
BRDA:7,0,1,0
BRDA:8,1,0,0
BRDA:8,1,1,0
BRF:4
BRH:0
end_of_record
TN:
SF:/home/rvp/Desktop/Full-stack-open-2020/part5/bloglist-frontend/src/services/blogs.js
FN:6,(anonymous_0)
FN:11,(anonymous_1)
FN:16,(anonymous_2)
FN:26,(anonymous_3)
FN:32,(anonymous_4)
FNF:5
FNH:0
FNDA:0,(anonymous_0)
FNDA:0,(anonymous_1)
FNDA:0,(anonymous_2)
FNDA:0,(anonymous_3)
FNDA:0,(anonymous_4)
DA:2,0
DA:4,0
DA:6,0
DA:7,0
DA:11,0
DA:12,0
DA:13,0
DA:16,0
DA:17,0
DA:21,0
DA:22,0
DA:26,0
DA:28,0
DA:29,0
DA:32,0
DA:34,0
DA:36,0
DA:37,0
LF:18
LH:0
BRF:0
BRH:0
end_of_record
TN:
SF:/home/rvp/Desktop/Full-stack-open-2020/part5/bloglist-frontend/src/services/login.js
FN:4,(anonymous_0)
FNF:1
FNH:0
FNDA:0,(anonymous_0)
DA:2,0
DA:4,0
DA:5,0
DA:6,0
LF:4
LH:0
BRF:0
BRH:0
end_of_record
